  Enemy.cpp
  Game.cpp
C:\Users\js467\OneDrive\Documents\clone repo\2D_Space_Shooter\Game.cpp(788,87): warning C4244: 'argument': conversion from 'T' to 'T', possible loss of data
C:\Users\js467\OneDrive\Documents\clone repo\2D_Space_Shooter\Game.cpp(788,87): warning C4244:         with
C:\Users\js467\OneDrive\Documents\clone repo\2D_Space_Shooter\Game.cpp(788,87): warning C4244:         [
C:\Users\js467\OneDrive\Documents\clone repo\2D_Space_Shooter\Game.cpp(788,87): warning C4244:             T=unsigned int
C:\Users\js467\OneDrive\Documents\clone repo\2D_Space_Shooter\Game.cpp(788,87): warning C4244:         ]
C:\Users\js467\OneDrive\Documents\clone repo\2D_Space_Shooter\Game.cpp(788,87): warning C4244:         and
C:\Users\js467\OneDrive\Documents\clone repo\2D_Space_Shooter\Game.cpp(788,87): warning C4244:         [
C:\Users\js467\OneDrive\Documents\clone repo\2D_Space_Shooter\Game.cpp(788,87): warning C4244:             T=float
C:\Users\js467\OneDrive\Documents\clone repo\2D_Space_Shooter\Game.cpp(788,87): warning C4244:         ]
C:\Users\js467\OneDrive\Documents\clone repo\2D_Space_Shooter\Game.cpp(788,66): warning C4244: 'argument': conversion from 'T' to 'T', possible loss of data
C:\Users\js467\OneDrive\Documents\clone repo\2D_Space_Shooter\Game.cpp(788,66): warning C4244:         with
C:\Users\js467\OneDrive\Documents\clone repo\2D_Space_Shooter\Game.cpp(788,66): warning C4244:         [
C:\Users\js467\OneDrive\Documents\clone repo\2D_Space_Shooter\Game.cpp(788,66): warning C4244:             T=unsigned int
C:\Users\js467\OneDrive\Documents\clone repo\2D_Space_Shooter\Game.cpp(788,66): warning C4244:         ]
C:\Users\js467\OneDrive\Documents\clone repo\2D_Space_Shooter\Game.cpp(788,66): warning C4244:         and
C:\Users\js467\OneDrive\Documents\clone repo\2D_Space_Shooter\Game.cpp(788,66): warning C4244:         [
C:\Users\js467\OneDrive\Documents\clone repo\2D_Space_Shooter\Game.cpp(788,66): warning C4244:             T=float
C:\Users\js467\OneDrive\Documents\clone repo\2D_Space_Shooter\Game.cpp(788,66): warning C4244:         ]
  HUD.cpp
  main.cpp
  SpaceShooter.cpp
  Generating Code...
  2D_Space_Shooter.vcxproj -> C:\Users\js467\OneDrive\Documents\clone repo\2D_Space_Shooter\x64\Debug\2D_Space_Shooter.exe
